[debug] [2022-03-21T15:49:49.197Z] ----------------------------------------------------------------------
[debug] [2022-03-21T15:49:49.199Z] Command:       C:\Program Files\nodejs\node.exe C:\Users\1019309\AppData\Roaming\npm\node_modules\firebase-tools\lib\bin\firebase.js login
[debug] [2022-03-21T15:49:49.199Z] CLI Version:   10.4.0
[debug] [2022-03-21T15:49:49.199Z] Platform:      win32
[debug] [2022-03-21T15:49:49.200Z] Node Version:  v16.13.2
[debug] [2022-03-21T15:49:49.201Z] Time:          Mon Mar 21 2022 11:49:49 GMT-0400 (Eastern Daylight Time)
[debug] [2022-03-21T15:49:49.201Z] ----------------------------------------------------------------------
[debug] 
[info] i  Firebase optionally collects CLI usage and error reporting information to help improve our products. Data is collected in accordance with Google's privacy policy (https://policies.google.com/privacy) and is not used to identify you.
 
[info] i  To change your data collection preference at any time, run `firebase logout` and log in again. 
[info] 
[info] Visit this URL on this device to log in:
[info] https://accounts.google.com/o/oauth2/auth?client_id=563584335869-fgrhgmd47bqnekij5i8b5pr03ho849e6.apps.googleusercontent.com&scope=email%20openid%20https%3A%2F%2Fwww.googleapis.com%2Fauth%2Fcloudplatformprojects.readonly%20https%3A%2F%2Fwww.googleapis.com%2Fauth%2Ffirebase%20https%3A%2F%2Fwww.googleapis.com%2Fauth%2Fcloud-platform&response_type=code&state=718989837&redirect_uri=http%3A%2F%2Flocalhost%3A9005
[info] 
[info] Waiting for authentication...
[debug] [2022-03-21T15:49:52.941Z] Error: spawn cmd ENOENT
    at Process.ChildProcess._handle.onexit (node:internal/child_process:282:19)
    at onErrorNT (node:internal/child_process:477:16)
    at processTicksAndRejections (node:internal/process/task_queues:83:21)
[error] 
[error] Error: An unexpected error has occurred.
